[INFO]-[2012-07-31 16:22:17,829]-DatabaseInstance-main- Connecting to enzyme_portal@ENZDEV
[INFO]-[2012-07-31 16:22:18,452]-DatabaseInstance-main- Connected to enzyme_portal@ENZDEV
[INFO]-[2012-07-31 16:22:18,533]-Uniprot2DiseaseParser-main- Parsing start
[WARN]-[2012-07-31 16:22:24,351]-BioportalWsAdapter-main- More than one concept found for: coronary artery disease [efo:EFO_0000378, efo:EFO_0001645]
[WARN]-[2012-07-31 16:22:33,900]-BioportalWsAdapter-main- More than one concept found for: carcinoma, renal cell [efo:EFO_0002890, efo:EFO_0000681]
[WARN]-[2012-07-31 16:22:35,515]-MegaJdbcMapper-main- XRef already exists in the database: AT8B1_HUMAN (UniProt) =[is_related_to]=> D002780 (MeSH) as 25389661
[WARN]-[2012-07-31 16:22:45,737]-MegaJdbcMapper-main- XRef already exists in the database: PA2G6_HUMAN (UniProt) =[is_related_to]=> D019150 (MeSH) as 25389691
[WARN]-[2012-07-31 16:22:57,631]-MegaJdbcMapper-main- XRef already exists in the database: MFN2_HUMAN (UniProt) =[is_related_to]=> D002607 (MeSH) as 25389722
[WARN]-[2012-07-31 16:22:57,631]-MegaJdbcMapper-main- XRef already exists in the database: MFN2_HUMAN (UniProt) =[is_related_to]=> EFO_0004148 (EFO) as 25389723
[WARN]-[2012-07-31 16:22:57,632]-MegaJdbcMapper-main- XRef already exists in the database: MFN2_HUMAN (UniProt) =[is_related_to]=> D015417 (MeSH) as 25389724
[WARN]-[2012-07-31 16:23:02,367]-BioportalWsAdapter-main- More than one concept found for: breast neoplasms [efo:EFO_0000305, efo:EFO_0003869]
[WARN]-[2012-07-31 16:23:09,494]-MegaJdbcMapper-main- XRef already exists in the database: PH4H_HUMAN (UniProt) =[is_related_to]=> 261600 (OMIM) as 25389757
[WARN]-[2012-07-31 16:23:09,495]-MegaJdbcMapper-main- XRef already exists in the database: PH4H_HUMAN (UniProt) =[is_related_to]=> D010661 (MeSH) as 25389758
[WARN]-[2012-07-31 16:23:10,262]-MegaJdbcMapper-main- XRef already exists in the database: PH4H_HUMAN (UniProt) =[is_related_to]=> 261600 (OMIM) as 25389757
[WARN]-[2012-07-31 16:23:10,263]-MegaJdbcMapper-main- XRef already exists in the database: PH4H_HUMAN (UniProt) =[is_related_to]=> D010661 (MeSH) as 25389758
[WARN]-[2012-07-31 16:23:14,241]-MegaJdbcMapper-main- XRef already exists in the database: HPRT_HUMAN (UniProt) =[is_related_to]=> D007926 (MeSH) as 25389767
[WARN]-[2012-07-31 16:23:18,923]-BioportalWsAdapter-main- More than one concept found for: venous thrombosis [efo:EFO_0003905, efo:EFO_0003907]
[WARN]-[2012-07-31 16:23:32,312]-MegaJdbcMapper-main- XRef already exists in the database: NU4M_HUMAN (UniProt) =[is_related_to]=> D029242 (MeSH) as 25389820
[WARN]-[2012-07-31 16:23:36,954]-MegaJdbcMapper-main- XRef already exists in the database: NU6M_HUMAN (UniProt) =[is_related_to]=> D029242 (MeSH) as 25389833
[WARN]-[2012-07-31 16:23:43,248]-MegaJdbcMapper-main- XRef already exists in the database: GLCM_HUMAN (UniProt) =[is_related_to]=> 230800 (OMIM) as 25389850
[WARN]-[2012-07-31 16:23:43,249]-MegaJdbcMapper-main- XRef already exists in the database: GLCM_HUMAN (UniProt) =[is_related_to]=> D005776 (MeSH) as 25389851
[WARN]-[2012-07-31 16:23:43,993]-MegaJdbcMapper-main- XRef already exists in the database: GLCM_HUMAN (UniProt) =[is_related_to]=> D005776 (MeSH) as 25389851
[WARN]-[2012-07-31 16:23:44,761]-MegaJdbcMapper-main- XRef already exists in the database: GLCM_HUMAN (UniProt) =[is_related_to]=> D005776 (MeSH) as 25389851
[WARN]-[2012-07-31 16:23:48,248]-MegaJdbcMapper-main- XRef already exists in the database: PROC_HUMAN (UniProt) =[is_related_to]=> D019851 (MeSH) as 25389861
[WARN]-[2012-07-31 16:23:50,585]-MegaJdbcMapper-main- XRef already exists in the database: LCAT_HUMAN (UniProt) =[is_related_to]=> D007863 (MeSH) as 25389867
[WARN]-[2012-07-31 16:23:54,079]-BioportalWsAdapter-main- More than one concept found for: ovarian neoplasms [efo:EFO_0001075, efo:EFO_0003893]
[WARN]-[2012-07-31 16:24:04,271]-MegaJdbcMapper-main- XRef already exists in the database: PPBT_HUMAN (UniProt) =[is_related_to]=> D007014 (MeSH) as 25389908
[WARN]-[2012-07-31 16:24:05,040]-MegaJdbcMapper-main- XRef already exists in the database: PPBT_HUMAN (UniProt) =[is_related_to]=> D007014 (MeSH) as 25389908
[WARN]-[2012-07-31 16:24:06,968]-MegaJdbcMapper-main- XRef already exists in the database: DCUP_HUMAN (UniProt) =[is_related_to]=> 176100 (OMIM) as 25389911
[WARN]-[2012-07-31 16:24:06,970]-MegaJdbcMapper-main- XRef already exists in the database: DCUP_HUMAN (UniProt) =[is_related_to]=> D017119 (MeSH) as 25389912
[WARN]-[2012-07-31 16:24:08,492]-MegaJdbcMapper-main- XRef already exists in the database: INSR_HUMAN (UniProt) =[is_related_to]=> D056731 (MeSH) as 25389915
[WARN]-[2012-07-31 16:24:32,592]-BioportalWsAdapter-main- More than one concept found for: carcinoma, renal cell [efo:EFO_0002890, efo:EFO_0000681]
[WARN]-[2012-07-31 16:24:48,752]-MegaJdbcMapper-main- XRef already exists in the database: EGR2_HUMAN (UniProt) =[is_related_to]=> D015417 (MeSH) as 25390035
[WARN]-[2012-07-31 16:25:06,330]-MegaJdbcMapper-main- XRef already exists in the database: TYRO_HUMAN (UniProt) =[is_related_to]=> D016115 (MeSH) as 25390086
[WARN]-[2012-07-31 16:25:22,606]-MegaJdbcMapper-main- XRef already exists in the database: BGAL_HUMAN (UniProt) =[is_related_to]=> D016537 (MeSH) as 25390127
[WARN]-[2012-07-31 16:25:23,348]-MegaJdbcMapper-main- XRef already exists in the database: BGAL_HUMAN (UniProt) =[is_related_to]=> D016537 (MeSH) as 25390127
[WARN]-[2012-07-31 16:25:26,417]-MegaJdbcMapper-main- XRef already exists in the database: AT2A2_HUMAN (UniProt) =[is_related_to]=> D007644 (MeSH) as 25390135
[WARN]-[2012-07-31 16:25:40,791]-MegaJdbcMapper-main- XRef already exists in the database: FGFR2_HUMAN (UniProt) =[is_related_to]=> D000168 (MeSH) as 25390173
[WARN]-[2012-07-31 16:25:40,792]-MegaJdbcMapper-main- XRef already exists in the database: FGFR2_HUMAN (UniProt) =[is_related_to]=> EFO_0004123 (EFO) as 25390174
[WARN]-[2012-07-31 16:25:43,020]-MegaJdbcMapper-main- XRef already exists in the database: DHSB_HUMAN (UniProt) =[is_related_to]=> D010673 (MeSH) as 25390179
[WARN]-[2012-07-31 16:25:43,021]-MegaJdbcMapper-main- XRef already exists in the database: DHSB_HUMAN (UniProt) =[is_related_to]=> EFO_0000239 (EFO) as 25390180
[WARN]-[2012-07-31 16:25:47,803]-MegaJdbcMapper-main- XRef already exists in the database: UD11_HUMAN (UniProt) =[is_related_to]=> D003414 (MeSH) as 25390192
[WARN]-[2012-07-31 16:25:50,079]-MegaJdbcMapper-main- XRef already exists in the database: UD14_HUMAN (UniProt) =[is_related_to]=> D003414 (MeSH) as 25390197
[WARN]-[2012-07-31 16:25:55,464]-BioportalWsAdapter-main- More than one concept found for: urinary bladder neoplasms [efo:EFO_0000292, efo:EFO_0000294]
[WARN]-[2012-07-31 16:26:01,173]-MegaJdbcMapper-main- XRef already exists in the database: TGM1_HUMAN (UniProt) =[is_related_to]=> D017490 (MeSH) as 25390231
[WARN]-[2012-07-31 16:26:01,959]-MegaJdbcMapper-main- XRef already exists in the database: TGM1_HUMAN (UniProt) =[is_related_to]=> 242300 (OMIM) as 25390230
[WARN]-[2012-07-31 16:26:01,960]-MegaJdbcMapper-main- XRef already exists in the database: TGM1_HUMAN (UniProt) =[is_related_to]=> D017490 (MeSH) as 25390231
[WARN]-[2012-07-31 16:26:12,732]-BioportalWsAdapter-main- More than one concept found for: breast neoplasms [efo:EFO_0000305, efo:EFO_0003869]
[WARN]-[2012-07-31 16:26:13,901]-BioportalWsAdapter-main- More than one concept found for: ovarian neoplasms [efo:EFO_0001075, efo:EFO_0003893]
[WARN]-[2012-07-31 16:26:15,340]-BioportalWsAdapter-main- More than one concept found for: breast neoplasms [efo:EFO_0000305, efo:EFO_0003869]
[WARN]-[2012-07-31 16:26:19,201]-MegaJdbcMapper-main- XRef already exists in the database: IDUA_HUMAN (UniProt) =[is_related_to]=> D008059 (MeSH) as 25390285
[WARN]-[2012-07-31 16:26:20,022]-MegaJdbcMapper-main- XRef already exists in the database: IDUA_HUMAN (UniProt) =[is_related_to]=> D008059 (MeSH) as 25390285
[WARN]-[2012-07-31 16:26:32,769]-MegaJdbcMapper-main- XRef already exists in the database: TGFR1_HUMAN (UniProt) =[is_related_to]=> D055947 (MeSH) as 25390319
[WARN]-[2012-07-31 16:26:37,732]-MegaJdbcMapper-main- XRef already exists in the database: TGFR2_HUMAN (UniProt) =[is_related_to]=> D055947 (MeSH) as 25390333
[WARN]-[2012-07-31 16:26:39,312]-BioportalWsAdapter-main- More than one concept found for: breast neoplasms [efo:EFO_0000305, efo:EFO_0003869]
[WARN]-[2012-07-31 16:26:40,120]-BioportalWsAdapter-main- More than one concept found for: ovarian neoplasms [efo:EFO_0001075, efo:EFO_0003893]
[WARN]-[2012-07-31 16:26:42,040]-MegaJdbcMapper-main- XRef already exists in the database: LICH_HUMAN (UniProt) =[is_related_to]=> 278000 (OMIM) as 25390345
[WARN]-[2012-07-31 16:26:42,041]-MegaJdbcMapper-main- XRef already exists in the database: LICH_HUMAN (UniProt) =[is_related_to]=> D015217 (MeSH) as 25390347
[WARN]-[2012-07-31 16:26:45,105]-BioportalWsAdapter-main- More than one concept found for: breast neoplasms [efo:EFO_0000305, efo:EFO_0003869]
[WARN]-[2012-07-31 16:26:45,853]-BioportalWsAdapter-main- More than one concept found for: ovarian neoplasms [efo:EFO_0001075, efo:EFO_0003893]
[WARN]-[2012-07-31 16:27:10,863]-MegaJdbcMapper-main- XRef already exists in the database: CATC_HUMAN (UniProt) =[is_related_to]=> D010214 (MeSH) as 25390431
[WARN]-[2012-07-31 16:27:20,947]-MegaJdbcMapper-main- XRef already exists in the database: PTEN_HUMAN (UniProt) =[is_related_to]=> 158350 (OMIM) as 25390457
[WARN]-[2012-07-31 16:27:20,947]-MegaJdbcMapper-main- XRef already exists in the database: PTEN_HUMAN (UniProt) =[is_related_to]=> D006223 (MeSH) as 25390458
[WARN]-[2012-07-31 16:27:21,719]-MegaJdbcMapper-main- XRef already exists in the database: PTEN_HUMAN (UniProt) =[is_related_to]=> D006223 (MeSH) as 25390458
[WARN]-[2012-07-31 16:27:35,424]-MegaJdbcMapper-main- XRef already exists in the database: KIME_HUMAN (UniProt) =[is_related_to]=> D054078 (MeSH) as 25390495
[WARN]-[2012-07-31 16:28:18,828]-MegaJdbcMapper-main- XRef already exists in the database: GNPTA_HUMAN (UniProt) =[is_related_to]=> D009081 (MeSH) as 25390626
[WARN]-[2012-07-31 16:28:40,735]-BioportalWsAdapter-main- More than one concept found for: carcinoma, renal cell [efo:EFO_0002890, efo:EFO_0000681]
[WARN]-[2012-07-31 16:29:01,982]-MegaJdbcMapper-main- XRef already exists in the database: RDH12_HUMAN (UniProt) =[is_related_to]=> 612712 (OMIM) as 25390765
[WARN]-[2012-07-31 16:29:02,008]-MegaJdbcMapper-main- XRef already exists in the database: RDH12_HUMAN (UniProt) =[is_related_to]=> D057130 (MeSH) as 25390766
[WARN]-[2012-07-31 16:29:05,840]-MegaJdbcMapper-main- XRef already exists in the database: DCR1C_HUMAN (UniProt) =[is_related_to]=> 602450 (OMIM) as 25390775
[WARN]-[2012-07-31 16:29:05,840]-MegaJdbcMapper-main- XRef already exists in the database: DCR1C_HUMAN (UniProt) =[is_related_to]=> D016511 (MeSH) as 25390776
[WARN]-[2012-07-31 16:29:06,606]-MegaJdbcMapper-main- XRef already exists in the database: DCR1C_HUMAN (UniProt) =[is_related_to]=> D016511 (MeSH) as 25390776
[WARN]-[2012-07-31 16:29:11,805]-BioportalWsAdapter-main- More than one concept found for: breast neoplasms [efo:EFO_0000305, efo:EFO_0003869]
[WARN]-[2012-07-31 16:29:24,901]-BioportalWsAdapter-main- More than one concept found for: breast neoplasms [efo:EFO_0000305, efo:EFO_0003869]
[INFO]-[2012-07-31 16:29:43,711]-Uniprot2DiseaseParser-main- Parsing end
[INFO]-[2012-07-31 16:29:43,711]-Uniprot2DiseaseParser-main- Map closed
